Using pre-set license
Built from '2021.3/staging' branch; Version is '2021.3.14f1 (eee1884e7226) revision 15655304'; Using compiler version '192829333'; Build Type 'Release'
OS: 'Windows 10  (10.0.19044) 64bit Core' Language: 'en' Physical Memory: 32716 MB
BatchMode: 1, IsHumanControllingUs: 0, StartBugReporterOnCrash: 0, Is64bit: 1, IsPro: 1

COMMAND LINE ARGUMENTS:
C:\Program Files\Unity\Hub\Editor\2021.3.14f1\Editor\Unity.exe
-adb2
-batchMode
-noUpm
-name
AssetImportWorker0
-projectPath
C:/Users/dgame/Documents/Godot/technicality/unityproj
-logFile
Logs/AssetImportWorker0.log
-srvPort
56715
Successfully changed project path to: C:/Users/dgame/Documents/Godot/technicality/unityproj
C:/Users/dgame/Documents/Godot/technicality/unityproj
[UnityMemory] Configuration Parameters - Can be set up in boot.config
    "memorysetup-bucket-allocator-granularity=16"
    "memorysetup-bucket-allocator-bucket-count=8"
    "memorysetup-bucket-allocator-block-size=33554432"
    "memorysetup-bucket-allocator-block-count=8"
    "memorysetup-main-allocator-block-size=16777216"
    "memorysetup-thread-allocator-block-size=16777216"
    "memorysetup-gfx-main-allocator-block-size=16777216"
    "memorysetup-gfx-thread-allocator-block-size=16777216"
    "memorysetup-cache-allocator-block-size=4194304"
    "memorysetup-typetree-allocator-block-size=2097152"
    "memorysetup-profiler-bucket-allocator-granularity=16"
    "memorysetup-profiler-bucket-allocator-bucket-count=8"
    "memorysetup-profiler-bucket-allocator-block-size=33554432"
    "memorysetup-profiler-bucket-allocator-block-count=8"
    "memorysetup-profiler-allocator-block-size=16777216"
    "memorysetup-profiler-editor-allocator-block-size=1048576"
    "memorysetup-temp-allocator-size-main=16777216"
    "memorysetup-job-temp-allocator-block-size=2097152"
    "memorysetup-job-temp-allocator-block-size-background=1048576"
    "memorysetup-job-temp-allocator-reduction-small-platforms=262144"
    "memorysetup-temp-allocator-size-background-worker=32768"
    "memorysetup-temp-allocator-size-job-worker=262144"
    "memorysetup-temp-allocator-size-preload-manager=33554432"
    "memorysetup-temp-allocator-size-nav-mesh-worker=65536"
    "memorysetup-temp-allocator-size-audio-worker=65536"
    "memorysetup-temp-allocator-size-cloud-worker=32768"
    "memorysetup-temp-allocator-size-gi-baking-worker=262144"
    "memorysetup-temp-allocator-size-gfx=262144"
Refreshing native plugins compatible for Editor in 100.31 ms, found 2 plugins.
Preloading 0 native plugins for Editor in 0.00 ms.
Initialize engine version: 2021.3.14f1 (eee1884e7226)
[Subsystems] Discovering subsystems at path C:/Program Files/Unity/Hub/Editor/2021.3.14f1/Editor/Data/Resources/UnitySubsystems
[Subsystems] Discovering subsystems at path C:/Users/dgame/Documents/Godot/technicality/unityproj/Assets
GfxDevice: creating device client; threaded=0; jobified=0
Direct3D:
    Version:  Direct3D 11.0 [level 11.1]
    Renderer: NVIDIA GeForce GTX 1060 6GB (ID=0x1c03)
    Vendor:   NVIDIA
    VRAM:     6052 MB
    Driver:   31.0.15.1694
Initialize mono
Mono path[0] = 'C:/Program Files/Unity/Hub/Editor/2021.3.14f1/Editor/Data/Managed'
Mono path[1] = 'C:/Program Files/Unity/Hub/Editor/2021.3.14f1/Editor/Data/MonoBleedingEdge/lib/mono/unityjit-win32'
Mono config path = 'C:/Program Files/Unity/Hub/Editor/2021.3.14f1/Editor/Data/MonoBleedingEdge/etc'
Using monoOptions --debugger-agent=transport=dt_socket,embedding=1,server=y,suspend=n,address=127.0.0.1:56112
Begin MonoManager ReloadAssembly
Registering precompiled unity dll's ...
Register platform support module: C:/Program Files/Unity/Hub/Editor/2021.3.14f1/Editor/Data/PlaybackEngines/WebGLSupport/UnityEditor.WebGL.Extensions.dll
Register platform support module: C:/Program Files/Unity/Hub/Editor/2021.3.14f1/Editor/Data/PlaybackEngines/WindowsStandaloneSupport/UnityEditor.WindowsStandalone.Extensions.dll
Registered in 0.013442 seconds.
Native extension for WindowsStandalone target not found
Native extension for WebGL target not found
Refreshing native plugins compatible for Editor in 105.44 ms, found 2 plugins.
Preloading 0 native plugins for Editor in 0.00 ms.
Mono: successfully reloaded assembly
- Completed reload, in  0.864 seconds
Domain Reload Profiling:
	ReloadAssembly (865ms)
		BeginReloadAssembly (111ms)
			ExecutionOrderSort (0ms)
			DisableScriptedObjects (0ms)
			BackupInstance (0ms)
			ReleaseScriptingObjects (0ms)
			CreateAndSetChildDomain (1ms)
		EndReloadAssembly (599ms)
			LoadAssemblies (107ms)
			RebuildTransferFunctionScriptingTraits (0ms)
			SetupTypeCache (133ms)
			ReleaseScriptCaches (0ms)
			RebuildScriptCaches (33ms)
			SetupLoadedEditorAssemblies (366ms)
				LogAssemblyErrors (0ms)
				InitializePlatformSupportModulesInManaged (13ms)
				SetLoadedEditorAssemblies (0ms)
				RefreshPlugins (106ms)
				BeforeProcessingInitializeOnLoad (2ms)
				ProcessInitializeOnLoadAttributes (186ms)
				ProcessInitializeOnLoadMethodAttributes (59ms)
				AfterProcessingInitializeOnLoad (0ms)
				EditorAssembliesLoaded (0ms)
			ExecutionOrderSort2 (0ms)
			AwakeInstancesAfterBackupRestoration (0ms)
Platform modules already initialized, skipping
Registering precompiled user dll's ...
Registered in 0.008135 seconds.
Begin MonoManager ReloadAssembly
Symbol file LoadedFromMemory doesn't match image C:\Users\dgame\Documents\Godot\technicality\unityproj\Library\PackageCache\com.unity.visualscripting@1.7.8\Editor\VisualScripting.Core\Dependencies\YamlDotNet\Unity.VisualScripting.YamlDotNet.dll
Symbol file LoadedFromMemory doesn't match image C:\Users\dgame\Documents\Godot\technicality\unityproj\Library\PackageCache\com.unity.visualscripting@1.7.8\Editor\VisualScripting.Core\Dependencies\DotNetZip\Unity.VisualScripting.IonicZip.dll
Native extension for WindowsStandalone target not found
Native extension for WebGL target not found
Refreshing native plugins compatible for Editor in 109.92 ms, found 2 plugins.
Preloading 0 native plugins for Editor in 0.00 ms.
Mono: successfully reloaded assembly
- Completed reload, in  1.296 seconds
Domain Reload Profiling:
	ReloadAssembly (1297ms)
		BeginReloadAssembly (151ms)
			ExecutionOrderSort (0ms)
			DisableScriptedObjects (8ms)
			BackupInstance (0ms)
			ReleaseScriptingObjects (0ms)
			CreateAndSetChildDomain (23ms)
		EndReloadAssembly (986ms)
			LoadAssemblies (113ms)
			RebuildTransferFunctionScriptingTraits (0ms)
			SetupTypeCache (245ms)
			ReleaseScriptCaches (1ms)
			RebuildScriptCaches (66ms)
			SetupLoadedEditorAssemblies (502ms)
				LogAssemblyErrors (0ms)
				InitializePlatformSupportModulesInManaged (9ms)
				SetLoadedEditorAssemblies (0ms)
				RefreshPlugins (110ms)
				BeforeProcessingInitializeOnLoad (124ms)
				ProcessInitializeOnLoadAttributes (196ms)
				ProcessInitializeOnLoadMethodAttributes (46ms)
				AfterProcessingInitializeOnLoad (17ms)
				EditorAssembliesLoaded (0ms)
			ExecutionOrderSort2 (0ms)
			AwakeInstancesAfterBackupRestoration (8ms)
Platform modules already initialized, skipping
========================================================================
Worker process is ready to serve import requests
Launched and connected shader compiler UnityShaderCompiler.exe after 0.07 seconds
Refreshing native plugins compatible for Editor in 0.75 ms, found 2 plugins.
Preloading 0 native plugins for Editor in 0.00 ms.
Unloading 3435 Unused Serialized files (Serialized files now loaded: 0)
Unloading 34 unused Assets / (228.8 KB). Loaded Objects now: 3895.
Memory consumption went from 132.3 MB to 132.1 MB.
Total: 3.995900 ms (FindLiveObjects: 0.375700 ms CreateObjectMapping: 0.101000 ms MarkObjects: 3.314600 ms  DeleteObjects: 0.203100 ms)

AssetImportParameters requested are different than current active one (requested -> active):
  custom:video-decoder-ogg-theora: a1e56fd34408186e4bbccfd4996cb3dc -> 
  custom:container-muxer-webm: aa71ff27fc2769a1b78a27578f13a17b -> 
  custom:container-demuxer-webm: 4f35f7cbe854078d1ac9338744f61a02 -> 
  custom:video-encoder-webm-vp8: eb34c28f22e8b96e1ab97ce403110664 -> 
  custom:audio-encoder-webm-vorbis: bf7c407c2cedff20999df2af8eb42d56 -> 
  custom:framework-win-MediaFoundation: 216162199b28c13a410421893ffa2e32 -> 
  custom:container-demuxer-ogg: 62fdf1f143b41e24485cea50d1cbac27 -> 
  custom:video-decoder-webm-vp8: 9c59270c3fd7afecdb556c50c9e8de78 -> 
  custom:audio-decoder-ogg-vorbis: bf7c407c2cedff20999df2af8eb42d56 -> 
========================================================================
Received Import Request.
  Time since last request: 2724221.285532 seconds.
  path: Assets/content
  artifactKey: Guid(60a5e66a9362114438b449572aee291f) Importer(815301076,1909f56bfc062723c751e8b465ee728b)
Start importing Assets/content using Guid(60a5e66a9362114438b449572aee291f) Importer(815301076,1909f56bfc062723c751e8b465ee728b)  -> (artifact id: '4f6822b0bb6bc258a404624a9025cd06') in 0.015003 seconds 
========================================================================
Received Import Request.
  Time since last request: 67.853664 seconds.
  path: Assets/Scenes/LoadingDoors.unity
  artifactKey: Guid(467a383974b471a46b3fce422d5e3cfc) Importer(815301076,1909f56bfc062723c751e8b465ee728b)
Start importing Assets/Scenes/LoadingDoors.unity using Guid(467a383974b471a46b3fce422d5e3cfc) Importer(815301076,1909f56bfc062723c751e8b465ee728b)  -> (artifact id: 'd2a33b6878f495cea15a3985b8f4fa5f') in 0.008057 seconds 
========================================================================
Received Import Request.
  Time since last request: 8.181476 seconds.
  path: Assets/Scenes/MainMenu.unity
  artifactKey: Guid(f68030b9124a9784d81bcfde50041325) Importer(815301076,1909f56bfc062723c751e8b465ee728b)
Start importing Assets/Scenes/MainMenu.unity using Guid(f68030b9124a9784d81bcfde50041325) Importer(815301076,1909f56bfc062723c751e8b465ee728b)  -> (artifact id: '4b1298a1b80df3a7ed4a8a65ae1d4ab1') in 0.007992 seconds 
========================================================================
Received Import Request.
  Time since last request: 24.735843 seconds.
  path: Assets/Scenes/New Scene.unity
  artifactKey: Guid(a1d7f2a7d6429584a8b2d536b43289f9) Importer(815301076,1909f56bfc062723c751e8b465ee728b)
Start importing Assets/Scenes/New Scene.unity using Guid(a1d7f2a7d6429584a8b2d536b43289f9) Importer(815301076,1909f56bfc062723c751e8b465ee728b)  -> (artifact id: '8024545c5c821fd6b0688b4809a1a982') in 0.008283 seconds 
========================================================================
Received Import Request.
  Time since last request: 11.796646 seconds.
  path: Assets/Scenes/Garage.unity
  artifactKey: Guid(a1d7f2a7d6429584a8b2d536b43289f9) Importer(815301076,1909f56bfc062723c751e8b465ee728b)
Start importing Assets/Scenes/Garage.unity using Guid(a1d7f2a7d6429584a8b2d536b43289f9) Importer(815301076,1909f56bfc062723c751e8b465ee728b)  -> (artifact id: 'ab3a468db16749f6501a2eb0e0545ede') in 0.007890 seconds 
========================================================================
Received Import Request.
  Time since last request: 9.271702 seconds.
  path: Assets/Scenes/BattleScene.unity
  artifactKey: Guid(3df7a033cc8259f4489114cd07237d53) Importer(815301076,1909f56bfc062723c751e8b465ee728b)
Start importing Assets/Scenes/BattleScene.unity using Guid(3df7a033cc8259f4489114cd07237d53) Importer(815301076,1909f56bfc062723c751e8b465ee728b)  -> (artifact id: '381200d3a7bbbcd36364ffba402a1ec7') in 0.007849 seconds 
========================================================================
Received Import Request.
  Time since last request: 10.268398 seconds.
  path: Assets/Scenes/Headquarters.unity
  artifactKey: Guid(672262c23c4c25640a1cd0530035a297) Importer(815301076,1909f56bfc062723c751e8b465ee728b)
Start importing Assets/Scenes/Headquarters.unity using Guid(672262c23c4c25640a1cd0530035a297) Importer(815301076,1909f56bfc062723c751e8b465ee728b)  -> (artifact id: '955d6e1bd0990781e487c45ad3864816') in 0.008000 seconds 
========================================================================
Received Import Request.
  Time since last request: 1.875133 seconds.
  path: Assets/Scenes/MainMenu.tscn
  artifactKey: Guid(3cc5970d0e6cd614fa15c55cc3420f72) Importer(815301076,1909f56bfc062723c751e8b465ee728b)
Start importing Assets/Scenes/MainMenu.tscn using Guid(3cc5970d0e6cd614fa15c55cc3420f72) Importer(815301076,1909f56bfc062723c751e8b465ee728b)  -> (artifact id: '672ec8161c22066745b63ead63f79ca7') in 0.039184 seconds 
========================================================================
Received Import Request.
  Time since last request: 11.106316 seconds.
  path: Assets/Scenes/TournamentScene.unity
  artifactKey: Guid(02097eed7740d1a43adeffdcb8887aa6) Importer(815301076,1909f56bfc062723c751e8b465ee728b)
Start importing Assets/Scenes/TournamentScene.unity using Guid(02097eed7740d1a43adeffdcb8887aa6) Importer(815301076,1909f56bfc062723c751e8b465ee728b)  -> (artifact id: '937529ae790153ffdea9ffc8d54f4493') in 0.007976 seconds 
========================================================================
Received Import Request.
  Time since last request: 1.652675 seconds.
  path: Assets/Scenes/TournamentScene.tscn
  artifactKey: Guid(2fe168e83f75b3346b1285f2022c176b) Importer(815301076,1909f56bfc062723c751e8b465ee728b)
Start importing Assets/Scenes/TournamentScene.tscn using Guid(2fe168e83f75b3346b1285f2022c176b) Importer(815301076,1909f56bfc062723c751e8b465ee728b)  -> (artifact id: 'e5f34fdb64c81237c52250e59e0cb26f') in 0.008342 seconds 
========================================================================
Received Import Request.
  Time since last request: 20.861612 seconds.
  path: Assets/Content
  artifactKey: Guid(60a5e66a9362114438b449572aee291f) Importer(815301076,1909f56bfc062723c751e8b465ee728b)
Start importing Assets/Content using Guid(60a5e66a9362114438b449572aee291f) Importer(815301076,1909f56bfc062723c751e8b465ee728b)  -> (artifact id: '5dcb220f697f3dee94f3f964eb1c2163') in 0.009256 seconds 
========================================================================
Received Import Request.
  Time since last request: 4.566551 seconds.
  path: Assets/Scripts
  artifactKey: Guid(0221dfeabbb766f4491ba2a5d02b11a1) Importer(815301076,1909f56bfc062723c751e8b465ee728b)
Start importing Assets/Scripts using Guid(0221dfeabbb766f4491ba2a5d02b11a1) Importer(815301076,1909f56bfc062723c751e8b465ee728b)  -> (artifact id: '35263ecb0b597fe26637a4b2efe5bd52') in 0.008721 seconds 
========================================================================
Received Import Request.
  Time since last request: 0.303881 seconds.
  path: Assets/sprites
  artifactKey: Guid(92731d5fbe49cc14db9262b039e62b42) Importer(815301076,1909f56bfc062723c751e8b465ee728b)
Start importing Assets/sprites using Guid(92731d5fbe49cc14db9262b039e62b42) Importer(815301076,1909f56bfc062723c751e8b465ee728b)  -> (artifact id: '045904cb440d17895eb255fdc7d8e0ef') in 0.008658 seconds 
========================================================================
Received Prepare
Registering precompiled user dll's ...
Registered in 0.007773 seconds.
Begin MonoManager ReloadAssembly
Symbol file LoadedFromMemory doesn't match image C:\Users\dgame\Documents\Godot\technicality\unityproj\Library\PackageCache\com.unity.visualscripting@1.7.8\Editor\VisualScripting.Core\Dependencies\YamlDotNet\Unity.VisualScripting.YamlDotNet.dll
Symbol file LoadedFromMemory doesn't match image C:\Users\dgame\Documents\Godot\technicality\unityproj\Library\PackageCache\com.unity.visualscripting@1.7.8\Editor\VisualScripting.Core\Dependencies\DotNetZip\Unity.VisualScripting.IonicZip.dll
Native extension for WindowsStandalone target not found
Native extension for WebGL target not found
Refreshing native plugins compatible for Editor in 0.69 ms, found 2 plugins.
Preloading 0 native plugins for Editor in 0.00 ms.
Mono: successfully reloaded assembly
- Completed reload, in  1.142 seconds
Domain Reload Profiling:
	ReloadAssembly (1142ms)
		BeginReloadAssembly (178ms)
			ExecutionOrderSort (0ms)
			DisableScriptedObjects (11ms)
			BackupInstance (0ms)
			ReleaseScriptingObjects (0ms)
			CreateAndSetChildDomain (37ms)
		EndReloadAssembly (815ms)
			LoadAssemblies (121ms)
			RebuildTransferFunctionScriptingTraits (0ms)
			SetupTypeCache (244ms)
			ReleaseScriptCaches (1ms)
			RebuildScriptCaches (53ms)
			SetupLoadedEditorAssemblies (348ms)
				LogAssemblyErrors (0ms)
				InitializePlatformSupportModulesInManaged (20ms)
				SetLoadedEditorAssemblies (1ms)
				RefreshPlugins (1ms)
				BeforeProcessingInitializeOnLoad (94ms)
				ProcessInitializeOnLoadAttributes (175ms)
				ProcessInitializeOnLoadMethodAttributes (42ms)
				AfterProcessingInitializeOnLoad (15ms)
				EditorAssembliesLoaded (0ms)
			ExecutionOrderSort2 (0ms)
			AwakeInstancesAfterBackupRestoration (10ms)
Platform modules already initialized, skipping
Refreshing native plugins compatible for Editor in 2.36 ms, found 2 plugins.
Preloading 0 native plugins for Editor in 0.00 ms.
Unloading 3430 Unused Serialized files (Serialized files now loaded: 0)
Unloading 21 unused Assets / (195.3 KB). Loaded Objects now: 3899.
Memory consumption went from 132.2 MB to 132.1 MB.
Total: 3.897600 ms (FindLiveObjects: 0.333600 ms CreateObjectMapping: 0.089100 ms MarkObjects: 3.270300 ms  DeleteObjects: 0.203300 ms)

AssetImportParameters requested are different than current active one (requested -> active):
  custom:video-decoder-ogg-theora: a1e56fd34408186e4bbccfd4996cb3dc -> 
  custom:container-muxer-webm: aa71ff27fc2769a1b78a27578f13a17b -> 
  custom:container-demuxer-webm: 4f35f7cbe854078d1ac9338744f61a02 -> 
  custom:video-encoder-webm-vp8: eb34c28f22e8b96e1ab97ce403110664 -> 
  custom:audio-encoder-webm-vorbis: bf7c407c2cedff20999df2af8eb42d56 -> 
  custom:framework-win-MediaFoundation: 216162199b28c13a410421893ffa2e32 -> 
  custom:container-demuxer-ogg: 62fdf1f143b41e24485cea50d1cbac27 -> 
  custom:video-decoder-webm-vp8: 9c59270c3fd7afecdb556c50c9e8de78 -> 
  custom:audio-decoder-ogg-vorbis: bf7c407c2cedff20999df2af8eb42d56 -> 
========================================================================
Received Import Request.
  Time since last request: 8.210653 seconds.
  path: Assets/Sprites
  artifactKey: Guid(92731d5fbe49cc14db9262b039e62b42) Importer(815301076,1909f56bfc062723c751e8b465ee728b)
Start importing Assets/Sprites using Guid(92731d5fbe49cc14db9262b039e62b42) Importer(815301076,1909f56bfc062723c751e8b465ee728b)  -> (artifact id: '412c351b20484bfc9d08d74851d1ab0f') in 0.016028 seconds 
========================================================================
Received Import Request.
  Time since last request: 0.134324 seconds.
  path: Assets/Sprites/car-truck1.png
  artifactKey: Guid(8788a8480f1be954989ce9175ca0a67e) Importer(815301076,1909f56bfc062723c751e8b465ee728b)
Start importing Assets/Sprites/car-truck1.png using Guid(8788a8480f1be954989ce9175ca0a67e) Importer(815301076,1909f56bfc062723c751e8b465ee728b)  -> (artifact id: '6f92c498ef1826905fa03ff6534ac9d4') in 0.113167 seconds 
========================================================================
Received Import Request.
  Time since last request: 5.049441 seconds.
  path: Assets/Sprites/car-truck2.png.import
  artifactKey: Guid(3bbfafbd470e7d044bcadbae5fd474b8) Importer(815301076,1909f56bfc062723c751e8b465ee728b)
Start importing Assets/Sprites/car-truck2.png.import using Guid(3bbfafbd470e7d044bcadbae5fd474b8) Importer(815301076,1909f56bfc062723c751e8b465ee728b)  -> (artifact id: 'e09acd74bd89200eb7bc000d16787417') in 0.010793 seconds 
========================================================================
Received Import Request.
  Time since last request: 2.125425 seconds.
  path: Assets/Sprites/car-truck1.png.import
  artifactKey: Guid(3788d104489534949804aae0cc3210a2) Importer(815301076,1909f56bfc062723c751e8b465ee728b)
Start importing Assets/Sprites/car-truck1.png.import using Guid(3788d104489534949804aae0cc3210a2) Importer(815301076,1909f56bfc062723c751e8b465ee728b)  -> (artifact id: '7d3838df97ca282d0139e5622dcc7901') in 0.009099 seconds 
========================================================================
Received Import Request.
  Time since last request: 22.075737 seconds.
  path: Assets/Scripts/Controlled.gd
  artifactKey: Guid(b6d8f88ed7e9a1846bd21e5033f146bf) Importer(815301076,1909f56bfc062723c751e8b465ee728b)
Start importing Assets/Scripts/Controlled.gd using Guid(b6d8f88ed7e9a1846bd21e5033f146bf) Importer(815301076,1909f56bfc062723c751e8b465ee728b)  -> (artifact id: '535e30eda790bfe0ed082292062cf779') in 0.010528 seconds 
========================================================================
Received Import Request.
  Time since last request: 29.315035 seconds.
  path: Assets/Scripts/content
  artifactKey: Guid(0b3c91b20d3dfb840bff7872a1509a97) Importer(815301076,1909f56bfc062723c751e8b465ee728b)
Start importing Assets/Scripts/content using Guid(0b3c91b20d3dfb840bff7872a1509a97) Importer(815301076,1909f56bfc062723c751e8b465ee728b)  -> (artifact id: 'e3f3730abe99b740814ba5653d656433') in 0.003132 seconds 
========================================================================
Received Import Request.
  Time since last request: 7.262174 seconds.
  path: Assets/Scripts/Content
  artifactKey: Guid(0b3c91b20d3dfb840bff7872a1509a97) Importer(815301076,1909f56bfc062723c751e8b465ee728b)
Start importing Assets/Scripts/Content using Guid(0b3c91b20d3dfb840bff7872a1509a97) Importer(815301076,1909f56bfc062723c751e8b465ee728b)  -> (artifact id: '3cde19c527dcf20fe2a0949d29539dbf') in 0.003430 seconds 
========================================================================
Received Prepare
Registering precompiled user dll's ...
Registered in 0.007403 seconds.
Begin MonoManager ReloadAssembly
Symbol file LoadedFromMemory doesn't match image C:\Users\dgame\Documents\Godot\technicality\unityproj\Library\PackageCache\com.unity.visualscripting@1.7.8\Editor\VisualScripting.Core\Dependencies\YamlDotNet\Unity.VisualScripting.YamlDotNet.dll
Symbol file LoadedFromMemory doesn't match image C:\Users\dgame\Documents\Godot\technicality\unityproj\Library\PackageCache\com.unity.visualscripting@1.7.8\Editor\VisualScripting.Core\Dependencies\DotNetZip\Unity.VisualScripting.IonicZip.dll
Native extension for WindowsStandalone target not found
Native extension for WebGL target not found
Refreshing native plugins compatible for Editor in 0.73 ms, found 2 plugins.
Preloading 0 native plugins for Editor in 0.00 ms.
Mono: successfully reloaded assembly
- Completed reload, in  1.120 seconds
Domain Reload Profiling:
	ReloadAssembly (1121ms)
		BeginReloadAssembly (167ms)
			ExecutionOrderSort (0ms)
			DisableScriptedObjects (9ms)
			BackupInstance (0ms)
			ReleaseScriptingObjects (0ms)
			CreateAndSetChildDomain (37ms)
		EndReloadAssembly (816ms)
			LoadAssemblies (116ms)
			RebuildTransferFunctionScriptingTraits (0ms)
			SetupTypeCache (241ms)
			ReleaseScriptCaches (1ms)
			RebuildScriptCaches (51ms)
			SetupLoadedEditorAssemblies (353ms)
				LogAssemblyErrors (0ms)
				InitializePlatformSupportModulesInManaged (19ms)
				SetLoadedEditorAssemblies (1ms)
				RefreshPlugins (1ms)
				BeforeProcessingInitializeOnLoad (100ms)
				ProcessInitializeOnLoadAttributes (175ms)
				ProcessInitializeOnLoadMethodAttributes (41ms)
				AfterProcessingInitializeOnLoad (16ms)
				EditorAssembliesLoaded (0ms)
			ExecutionOrderSort2 (0ms)
			AwakeInstancesAfterBackupRestoration (11ms)
Platform modules already initialized, skipping
Refreshing native plugins compatible for Editor in 2.41 ms, found 2 plugins.
Preloading 0 native plugins for Editor in 0.00 ms.
Unloading 3430 Unused Serialized files (Serialized files now loaded: 0)
Unloading 21 unused Assets / (195.3 KB). Loaded Objects now: 3907.
Memory consumption went from 136.8 MB to 136.6 MB.
Total: 3.777900 ms (FindLiveObjects: 0.305400 ms CreateObjectMapping: 0.087700 ms MarkObjects: 3.192500 ms  DeleteObjects: 0.191200 ms)

AssetImportParameters requested are different than current active one (requested -> active):
  custom:video-decoder-ogg-theora: a1e56fd34408186e4bbccfd4996cb3dc -> 
  custom:container-muxer-webm: aa71ff27fc2769a1b78a27578f13a17b -> 
  custom:container-demuxer-webm: 4f35f7cbe854078d1ac9338744f61a02 -> 
  custom:video-encoder-webm-vp8: eb34c28f22e8b96e1ab97ce403110664 -> 
  custom:audio-encoder-webm-vorbis: bf7c407c2cedff20999df2af8eb42d56 -> 
  custom:framework-win-MediaFoundation: 216162199b28c13a410421893ffa2e32 -> 
  custom:container-demuxer-ogg: 62fdf1f143b41e24485cea50d1cbac27 -> 
  custom:video-decoder-webm-vp8: 9c59270c3fd7afecdb556c50c9e8de78 -> 
  custom:audio-decoder-ogg-vorbis: bf7c407c2cedff20999df2af8eb42d56 -> 
========================================================================
Received Import Request.
  Time since last request: 15.442223 seconds.
  path: Assets/Scripts/Managers
  artifactKey: Guid(e71f6727367d05147a3ea4689c71ec4b) Importer(815301076,1909f56bfc062723c751e8b465ee728b)
Start importing Assets/Scripts/Managers using Guid(e71f6727367d05147a3ea4689c71ec4b) Importer(815301076,1909f56bfc062723c751e8b465ee728b)  -> (artifact id: '76295b214025d588fbf6e0b6cb59a505') in 0.017046 seconds 
========================================================================
Received Prepare
Registering precompiled user dll's ...
Registered in 0.007133 seconds.
Begin MonoManager ReloadAssembly
Symbol file LoadedFromMemory doesn't match image C:\Users\dgame\Documents\Godot\technicality\unityproj\Library\PackageCache\com.unity.visualscripting@1.7.8\Editor\VisualScripting.Core\Dependencies\YamlDotNet\Unity.VisualScripting.YamlDotNet.dll
Symbol file LoadedFromMemory doesn't match image C:\Users\dgame\Documents\Godot\technicality\unityproj\Library\PackageCache\com.unity.visualscripting@1.7.8\Editor\VisualScripting.Core\Dependencies\DotNetZip\Unity.VisualScripting.IonicZip.dll
Native extension for WindowsStandalone target not found
Native extension for WebGL target not found
Refreshing native plugins compatible for Editor in 0.72 ms, found 2 plugins.
Preloading 0 native plugins for Editor in 0.00 ms.
Mono: successfully reloaded assembly
- Completed reload, in  1.106 seconds
Domain Reload Profiling:
	ReloadAssembly (1107ms)
		BeginReloadAssembly (160ms)
			ExecutionOrderSort (0ms)
			DisableScriptedObjects (10ms)
			BackupInstance (0ms)
			ReleaseScriptingObjects (0ms)
			CreateAndSetChildDomain (33ms)
		EndReloadAssembly (809ms)
			LoadAssemblies (107ms)
			RebuildTransferFunctionScriptingTraits (0ms)
			SetupTypeCache (240ms)
			ReleaseScriptCaches (1ms)
			RebuildScriptCaches (50ms)
			SetupLoadedEditorAssemblies (348ms)
				LogAssemblyErrors (0ms)
				InitializePlatformSupportModulesInManaged (19ms)
				SetLoadedEditorAssemblies (1ms)
				RefreshPlugins (1ms)
				BeforeProcessingInitializeOnLoad (107ms)
				ProcessInitializeOnLoadAttributes (166ms)
				ProcessInitializeOnLoadMethodAttributes (40ms)
				AfterProcessingInitializeOnLoad (14ms)
				EditorAssembliesLoaded (0ms)
			ExecutionOrderSort2 (0ms)
			AwakeInstancesAfterBackupRestoration (11ms)
Platform modules already initialized, skipping
Refreshing native plugins compatible for Editor in 2.16 ms, found 2 plugins.
Preloading 0 native plugins for Editor in 0.00 ms.
Unloading 3430 Unused Serialized files (Serialized files now loaded: 0)
Unloading 21 unused Assets / (195.5 KB). Loaded Objects now: 3910.
Memory consumption went from 136.8 MB to 136.6 MB.
Total: 3.882900 ms (FindLiveObjects: 0.350800 ms CreateObjectMapping: 0.093000 ms MarkObjects: 3.240700 ms  DeleteObjects: 0.196300 ms)

AssetImportParameters requested are different than current active one (requested -> active):
  custom:video-decoder-ogg-theora: a1e56fd34408186e4bbccfd4996cb3dc -> 
  custom:container-muxer-webm: aa71ff27fc2769a1b78a27578f13a17b -> 
  custom:container-demuxer-webm: 4f35f7cbe854078d1ac9338744f61a02 -> 
  custom:video-encoder-webm-vp8: eb34c28f22e8b96e1ab97ce403110664 -> 
  custom:audio-encoder-webm-vorbis: bf7c407c2cedff20999df2af8eb42d56 -> 
  custom:framework-win-MediaFoundation: 216162199b28c13a410421893ffa2e32 -> 
  custom:container-demuxer-ogg: 62fdf1f143b41e24485cea50d1cbac27 -> 
  custom:video-decoder-webm-vp8: 9c59270c3fd7afecdb556c50c9e8de78 -> 
  custom:audio-decoder-ogg-vorbis: bf7c407c2cedff20999df2af8eb42d56 -> 
========================================================================
Received Import Request.
  Time since last request: 7.427358 seconds.
  path: Assets/default_env.tres
  artifactKey: Guid(553f922f756b79b4b95a81a0dbf57948) Importer(815301076,1909f56bfc062723c751e8b465ee728b)
Start importing Assets/default_env.tres using Guid(553f922f756b79b4b95a81a0dbf57948) Importer(815301076,1909f56bfc062723c751e8b465ee728b)  -> (artifact id: '56e1c9314ddc1711ce68d40bf71cd53c') in 0.024649 seconds 
========================================================================
Received Import Request.
  Time since last request: 12.094740 seconds.
  path: Assets/Content/chassis
  artifactKey: Guid(6a5b7554ed444814881c56126366881b) Importer(815301076,1909f56bfc062723c751e8b465ee728b)
Start importing Assets/Content/chassis using Guid(6a5b7554ed444814881c56126366881b) Importer(815301076,1909f56bfc062723c751e8b465ee728b)  -> (artifact id: '7ad9df05a448d331361a6ae7f3a41c70') in 0.008545 seconds 
========================================================================
Received Import Request.
  Time since last request: 0.613304 seconds.
  path: Assets/Content/chassis/TestChassis.tres
  artifactKey: Guid(0d6c47108d9d8c84ea66758eba148a33) Importer(815301076,1909f56bfc062723c751e8b465ee728b)
Start importing Assets/Content/chassis/TestChassis.tres using Guid(0d6c47108d9d8c84ea66758eba148a33) Importer(815301076,1909f56bfc062723c751e8b465ee728b)  -> (artifact id: '0c25733fc7d0df355cd47b487a4d2c6c') in 0.008977 seconds 
========================================================================
Received Import Request.
  Time since last request: 4.400497 seconds.
  path: Assets/Content/items
  artifactKey: Guid(f2f9c3e91ae83b9449230ef235e877a9) Importer(815301076,1909f56bfc062723c751e8b465ee728b)
Start importing Assets/Content/items using Guid(f2f9c3e91ae83b9449230ef235e877a9) Importer(815301076,1909f56bfc062723c751e8b465ee728b)  -> (artifact id: '41ed07596608bd3c4a2ac4ca4eba5e58') in 0.008565 seconds 
========================================================================
Received Import Request.
  Time since last request: 0.763743 seconds.
  path: Assets/Content/items/weapons
  artifactKey: Guid(f4904651f5feea347b1d21bb2163925f) Importer(815301076,1909f56bfc062723c751e8b465ee728b)
Start importing Assets/Content/items/weapons using Guid(f4904651f5feea347b1d21bb2163925f) Importer(815301076,1909f56bfc062723c751e8b465ee728b)  -> (artifact id: 'e41a3ac7c138ce53c24a35a0274f271b') in 0.008435 seconds 
========================================================================
Received Import Request.
  Time since last request: 6.621022 seconds.
  path: Assets/Content/tournaments
  artifactKey: Guid(5b0be9c4e5ce83449b9b5a2ffecec1c3) Importer(815301076,1909f56bfc062723c751e8b465ee728b)
Start importing Assets/Content/tournaments using Guid(5b0be9c4e5ce83449b9b5a2ffecec1c3) Importer(815301076,1909f56bfc062723c751e8b465ee728b)  -> (artifact id: '3d3d14197570923f3dfb4993693d7b76') in 0.008159 seconds 
========================================================================
Received Import Request.
  Time since last request: 0.750721 seconds.
  path: Assets/Content/tournaments/TestTournament.tres
  artifactKey: Guid(7452fe7e12719a3488fe1233dff73199) Importer(815301076,1909f56bfc062723c751e8b465ee728b)
Start importing Assets/Content/tournaments/TestTournament.tres using Guid(7452fe7e12719a3488fe1233dff73199) Importer(815301076,1909f56bfc062723c751e8b465ee728b)  -> (artifact id: 'e96c06b2f48ca72df1076ce74d3eaf38') in 0.008867 seconds 
========================================================================
Received Import Request.
  Time since last request: 22.894951 seconds.
  path: Assets
  artifactKey: Guid(00000000000000001000000000000000) Importer(815301076,1909f56bfc062723c751e8b465ee728b)
Start importing Assets using Guid(00000000000000001000000000000000) Importer(815301076,1909f56bfc062723c751e8b465ee728b)  -> (artifact id: '79842766b460edbeab6a34051e857a80') in 0.008210 seconds 
========================================================================
Received Import Request.
  Time since last request: 1098.197048 seconds.
  path: Assets/Sprites/LoadingDoor.pdn
  artifactKey: Guid(1ad4556c0670e3244be166614a403e25) Importer(815301076,1909f56bfc062723c751e8b465ee728b)
Start importing Assets/Sprites/LoadingDoor.pdn using Guid(1ad4556c0670e3244be166614a403e25) Importer(815301076,1909f56bfc062723c751e8b465ee728b)  -> (artifact id: 'cfd80592f8cce35fae4c5c5071304a05') in 0.014237 seconds 
========================================================================
Received Import Request.
  Time since last request: 0.437551 seconds.
  path: Assets/Sprites/LoadingDoor.png
  artifactKey: Guid(0f14b09165c478f4b8357fee945bc267) Importer(815301076,1909f56bfc062723c751e8b465ee728b)
Start importing Assets/Sprites/LoadingDoor.png using Guid(0f14b09165c478f4b8357fee945bc267) Importer(815301076,1909f56bfc062723c751e8b465ee728b)  -> (artifact id: '327fe7db905df0efc4a89c1d6a51cb95') in 0.205883 seconds 
========================================================================
Received Import Request.
  Time since last request: 0.242251 seconds.
  path: Assets/Sprites/LoadingDoor2.png
  artifactKey: Guid(d0410b9690ab11b429626b470e635437) Importer(815301076,1909f56bfc062723c751e8b465ee728b)
Start importing Assets/Sprites/LoadingDoor2.png using Guid(d0410b9690ab11b429626b470e635437) Importer(815301076,1909f56bfc062723c751e8b465ee728b)  -> (artifact id: '3ee6186641483a50c148827b36a69125') in 0.115339 seconds 
========================================================================
Received Import Request.
  Time since last request: 183.956910 seconds.
  path: Assets/Sprites/Dirt 10 .png
  artifactKey: Guid(093dd809a7f05354eb9118bc822445c8) Importer(815301076,1909f56bfc062723c751e8b465ee728b)
Start importing Assets/Sprites/Dirt 10 .png using Guid(093dd809a7f05354eb9118bc822445c8) Importer(815301076,1909f56bfc062723c751e8b465ee728b)  -> (artifact id: '91a008a3f38e6d68406575a2c5f5e2df') in 0.306350 seconds 
========================================================================
Received Import Request.
  Time since last request: 23.226618 seconds.
  path: Assets/Sprites/LoadingDoor.png
  artifactKey: Guid(0f14b09165c478f4b8357fee945bc267) Importer(815301076,1909f56bfc062723c751e8b465ee728b)
Start importing Assets/Sprites/LoadingDoor.png using Guid(0f14b09165c478f4b8357fee945bc267) Importer(815301076,1909f56bfc062723c751e8b465ee728b)  -> (artifact id: '7ecc6859d443ad758ba88bb1f3adf5ad') in 0.135971 seconds 
========================================================================
Received Import Request.
  Time since last request: 12.312693 seconds.
  path: Assets/Sprites/LoadingDoor2.png
  artifactKey: Guid(d0410b9690ab11b429626b470e635437) Importer(815301076,1909f56bfc062723c751e8b465ee728b)
Start importing Assets/Sprites/LoadingDoor2.png using Guid(d0410b9690ab11b429626b470e635437) Importer(815301076,1909f56bfc062723c751e8b465ee728b)  -> (artifact id: '0c786a59384270df1461cfd347c046f0') in 0.104370 seconds 
========================================================================
Received Import Request.
  Time since last request: 11.517666 seconds.
  path: Assets/Sprites/LoadingDoor2.png
  artifactKey: Guid(d0410b9690ab11b429626b470e635437) Importer(815301076,1909f56bfc062723c751e8b465ee728b)
Start importing Assets/Sprites/LoadingDoor2.png using Guid(d0410b9690ab11b429626b470e635437) Importer(815301076,1909f56bfc062723c751e8b465ee728b)  -> (artifact id: 'c6ded461b88d868bd209dbad2ae1e061') in 0.117014 seconds 
========================================================================
Received Prepare
Registering precompiled user dll's ...
Registered in 0.007609 seconds.
Begin MonoManager ReloadAssembly
Symbol file LoadedFromMemory doesn't match image C:\Users\dgame\Documents\Godot\technicality\unityproj\Library\PackageCache\com.unity.visualscripting@1.7.8\Editor\VisualScripting.Core\Dependencies\YamlDotNet\Unity.VisualScripting.YamlDotNet.dll
Symbol file LoadedFromMemory doesn't match image C:\Users\dgame\Documents\Godot\technicality\unityproj\Library\PackageCache\com.unity.visualscripting@1.7.8\Editor\VisualScripting.Core\Dependencies\DotNetZip\Unity.VisualScripting.IonicZip.dll
Native extension for WindowsStandalone target not found
Native extension for WebGL target not found
Refreshing native plugins compatible for Editor in 0.74 ms, found 2 plugins.
Preloading 0 native plugins for Editor in 0.00 ms.
Mono: successfully reloaded assembly
- Completed reload, in  1.151 seconds
Domain Reload Profiling:
	ReloadAssembly (1152ms)
		BeginReloadAssembly (175ms)
			ExecutionOrderSort (0ms)
			DisableScriptedObjects (9ms)
			BackupInstance (0ms)
			ReleaseScriptingObjects (0ms)
			CreateAndSetChildDomain (41ms)
		EndReloadAssembly (823ms)
			LoadAssemblies (120ms)
			RebuildTransferFunctionScriptingTraits (0ms)
			SetupTypeCache (250ms)
			ReleaseScriptCaches (1ms)
			RebuildScriptCaches (54ms)
			SetupLoadedEditorAssemblies (343ms)
				LogAssemblyErrors (0ms)
				InitializePlatformSupportModulesInManaged (20ms)
				SetLoadedEditorAssemblies (1ms)
				RefreshPlugins (1ms)
				BeforeProcessingInitializeOnLoad (94ms)
				ProcessInitializeOnLoadAttributes (168ms)
				ProcessInitializeOnLoadMethodAttributes (44ms)
				AfterProcessingInitializeOnLoad (16ms)
				EditorAssembliesLoaded (0ms)
			ExecutionOrderSort2 (0ms)
			AwakeInstancesAfterBackupRestoration (12ms)
Platform modules already initialized, skipping
Refreshing native plugins compatible for Editor in 2.72 ms, found 2 plugins.
Preloading 0 native plugins for Editor in 0.00 ms.
Unloading 3430 Unused Serialized files (Serialized files now loaded: 0)
Unloading 21 unused Assets / (195.6 KB). Loaded Objects now: 3921.
Memory consumption went from 136.8 MB to 136.6 MB.
Total: 3.796000 ms (FindLiveObjects: 0.331400 ms CreateObjectMapping: 0.097100 ms MarkObjects: 3.174100 ms  DeleteObjects: 0.192000 ms)

AssetImportParameters requested are different than current active one (requested -> active):
  custom:video-decoder-ogg-theora: a1e56fd34408186e4bbccfd4996cb3dc -> 
  custom:container-muxer-webm: aa71ff27fc2769a1b78a27578f13a17b -> 
  custom:container-demuxer-webm: 4f35f7cbe854078d1ac9338744f61a02 -> 
  custom:video-encoder-webm-vp8: eb34c28f22e8b96e1ab97ce403110664 -> 
  custom:audio-encoder-webm-vorbis: bf7c407c2cedff20999df2af8eb42d56 -> 
  custom:framework-win-MediaFoundation: 216162199b28c13a410421893ffa2e32 -> 
  custom:container-demuxer-ogg: 62fdf1f143b41e24485cea50d1cbac27 -> 
  custom:video-decoder-webm-vp8: 9c59270c3fd7afecdb556c50c9e8de78 -> 
  custom:audio-decoder-ogg-vorbis: bf7c407c2cedff20999df2af8eb42d56 -> 
========================================================================
Received Import Request.
  Time since last request: 590.645192 seconds.
  path: Assets/Sprites/SpriteImport.preset
  artifactKey: Guid(2c344aeda8dd27c4f83625d932cee3d2) Importer(815301076,1909f56bfc062723c751e8b465ee728b)
Start importing Assets/Sprites/SpriteImport.preset using Guid(2c344aeda8dd27c4f83625d932cee3d2) Importer(815301076,1909f56bfc062723c751e8b465ee728b)  -> (artifact id: 'dd1d45760fe3c3f523487be127e50b16') in 0.030780 seconds 
========================================================================
Received Prepare
Registering precompiled user dll's ...
Registered in 0.007255 seconds.
Begin MonoManager ReloadAssembly
Symbol file LoadedFromMemory doesn't match image C:\Users\dgame\Documents\Godot\technicality\unityproj\Library\PackageCache\com.unity.visualscripting@1.7.8\Editor\VisualScripting.Core\Dependencies\YamlDotNet\Unity.VisualScripting.YamlDotNet.dll
Symbol file LoadedFromMemory doesn't match image C:\Users\dgame\Documents\Godot\technicality\unityproj\Library\PackageCache\com.unity.visualscripting@1.7.8\Editor\VisualScripting.Core\Dependencies\DotNetZip\Unity.VisualScripting.IonicZip.dll
Native extension for WindowsStandalone target not found
Native extension for WebGL target not found
Refreshing native plugins compatible for Editor in 0.71 ms, found 2 plugins.
Preloading 0 native plugins for Editor in 0.00 ms.
Mono: successfully reloaded assembly
- Completed reload, in  1.188 seconds
Domain Reload Profiling:
	ReloadAssembly (1189ms)
		BeginReloadAssembly (210ms)
			ExecutionOrderSort (0ms)
			DisableScriptedObjects (10ms)
			BackupInstance (0ms)
			ReleaseScriptingObjects (0ms)
			CreateAndSetChildDomain (42ms)
		EndReloadAssembly (834ms)
			LoadAssemblies (153ms)
			RebuildTransferFunctionScriptingTraits (0ms)
			SetupTypeCache (260ms)
			ReleaseScriptCaches (1ms)
			RebuildScriptCaches (56ms)
			SetupLoadedEditorAssemblies (336ms)
				LogAssemblyErrors (0ms)
				InitializePlatformSupportModulesInManaged (19ms)
				SetLoadedEditorAssemblies (1ms)
				RefreshPlugins (1ms)
				BeforeProcessingInitializeOnLoad (93ms)
				ProcessInitializeOnLoadAttributes (167ms)
				ProcessInitializeOnLoadMethodAttributes (41ms)
				AfterProcessingInitializeOnLoad (15ms)
				EditorAssembliesLoaded (0ms)
			ExecutionOrderSort2 (0ms)
			AwakeInstancesAfterBackupRestoration (11ms)
Platform modules already initialized, skipping
Refreshing native plugins compatible for Editor in 2.32 ms, found 2 plugins.
Preloading 0 native plugins for Editor in 0.00 ms.
Unloading 3430 Unused Serialized files (Serialized files now loaded: 0)
Unloading 21 unused Assets / (195.2 KB). Loaded Objects now: 3924.
Memory consumption went from 136.9 MB to 136.7 MB.
Total: 3.980100 ms (FindLiveObjects: 0.338300 ms CreateObjectMapping: 0.090600 ms MarkObjects: 3.345000 ms  DeleteObjects: 0.205000 ms)

AssetImportParameters requested are different than current active one (requested -> active):
  custom:video-decoder-ogg-theora: a1e56fd34408186e4bbccfd4996cb3dc -> 
  custom:container-muxer-webm: aa71ff27fc2769a1b78a27578f13a17b -> 
  custom:container-demuxer-webm: 4f35f7cbe854078d1ac9338744f61a02 -> 
  custom:video-encoder-webm-vp8: eb34c28f22e8b96e1ab97ce403110664 -> 
  custom:audio-encoder-webm-vorbis: bf7c407c2cedff20999df2af8eb42d56 -> 
  custom:framework-win-MediaFoundation: 216162199b28c13a410421893ffa2e32 -> 
  custom:container-demuxer-ogg: 62fdf1f143b41e24485cea50d1cbac27 -> 
  custom:video-decoder-webm-vp8: 9c59270c3fd7afecdb556c50c9e8de78 -> 
  custom:audio-decoder-ogg-vorbis: bf7c407c2cedff20999df2af8eb42d56 -> 
========================================================================
Received Import Request.
  Time since last request: 318.743155 seconds.
  path: Assets/Sprites/car-truck1.png
  artifactKey: Guid(8788a8480f1be954989ce9175ca0a67e) Importer(815301076,1909f56bfc062723c751e8b465ee728b)
Start importing Assets/Sprites/car-truck1.png using Guid(8788a8480f1be954989ce9175ca0a67e) Importer(815301076,1909f56bfc062723c751e8b465ee728b)  -> (artifact id: '29c5e81343bc636b56b8f47f187b7a56') in 0.075896 seconds 
========================================================================
Received Import Request.
  Time since last request: 149.457644 seconds.
  path: Assets/Scenes/LoadingDoors.controller
  artifactKey: Guid(aef54df7ceb5cfa48bf9aee610319a3a) Importer(815301076,1909f56bfc062723c751e8b465ee728b)
Start importing Assets/Scenes/LoadingDoors.controller using Guid(aef54df7ceb5cfa48bf9aee610319a3a) Importer(815301076,1909f56bfc062723c751e8b465ee728b)  -> (artifact id: '271ae8731acb3461a338fbc0d67d5c4d') in 0.011047 seconds 
========================================================================
Received Import Request.
  Time since last request: 225.589429 seconds.
  path: Assets/Scenes/LoadingDoorsClose.anim
  artifactKey: Guid(b8b28952a1e7e0b4b96c419809e838b2) Importer(815301076,1909f56bfc062723c751e8b465ee728b)
Start importing Assets/Scenes/LoadingDoorsClose.anim using Guid(b8b28952a1e7e0b4b96c419809e838b2) Importer(815301076,1909f56bfc062723c751e8b465ee728b)  -> (artifact id: 'ced1867fcbeca215d3b0fbe9cebddc5a') in 0.011791 seconds 
========================================================================
Received Import Request.
  Time since last request: 200.437869 seconds.
  path: Assets/Scenes/LoadingDoorsOpen.anim
  artifactKey: Guid(cf91738c377ce85469cdb81feea652a2) Importer(815301076,1909f56bfc062723c751e8b465ee728b)
Start importing Assets/Scenes/LoadingDoorsOpen.anim using Guid(cf91738c377ce85469cdb81feea652a2) Importer(815301076,1909f56bfc062723c751e8b465ee728b)  -> (artifact id: 'cf5a3ee22490e02614fb52c8fd0151e5') in 0.010561 seconds 
========================================================================
Received Prepare
Registering precompiled user dll's ...
Registered in 0.008920 seconds.
Begin MonoManager ReloadAssembly
Symbol file LoadedFromMemory doesn't match image C:\Users\dgame\Documents\Godot\technicality\unityproj\Library\PackageCache\com.unity.visualscripting@1.7.8\Editor\VisualScripting.Core\Dependencies\YamlDotNet\Unity.VisualScripting.YamlDotNet.dll
Symbol file LoadedFromMemory doesn't match image C:\Users\dgame\Documents\Godot\technicality\unityproj\Library\PackageCache\com.unity.visualscripting@1.7.8\Editor\VisualScripting.Core\Dependencies\DotNetZip\Unity.VisualScripting.IonicZip.dll
Native extension for WindowsStandalone target not found
Native extension for WebGL target not found
Refreshing native plugins compatible for Editor in 0.73 ms, found 2 plugins.
Preloading 0 native plugins for Editor in 0.00 ms.
Mono: successfully reloaded assembly
- Completed reload, in  1.193 seconds
Domain Reload Profiling:
	ReloadAssembly (1194ms)
		BeginReloadAssembly (166ms)
			ExecutionOrderSort (0ms)
			DisableScriptedObjects (9ms)
			BackupInstance (0ms)
			ReleaseScriptingObjects (0ms)
			CreateAndSetChildDomain (37ms)
		EndReloadAssembly (883ms)
			LoadAssemblies (116ms)
			RebuildTransferFunctionScriptingTraits (0ms)
			SetupTypeCache (258ms)
			ReleaseScriptCaches (1ms)
			RebuildScriptCaches (58ms)
			SetupLoadedEditorAssemblies (381ms)
				LogAssemblyErrors (0ms)
				InitializePlatformSupportModulesInManaged (23ms)
				SetLoadedEditorAssemblies (1ms)
				RefreshPlugins (1ms)
				BeforeProcessingInitializeOnLoad (104ms)
				ProcessInitializeOnLoadAttributes (189ms)
				ProcessInitializeOnLoadMethodAttributes (45ms)
				AfterProcessingInitializeOnLoad (18ms)
				EditorAssembliesLoaded (0ms)
			ExecutionOrderSort2 (0ms)
			AwakeInstancesAfterBackupRestoration (12ms)
Platform modules already initialized, skipping
Refreshing native plugins compatible for Editor in 2.71 ms, found 2 plugins.
Preloading 0 native plugins for Editor in 0.00 ms.
Unloading 3430 Unused Serialized files (Serialized files now loaded: 0)
Unloading 21 unused Assets / (195.4 KB). Loaded Objects now: 3927.
Memory consumption went from 136.9 MB to 136.7 MB.
Total: 4.181900 ms (FindLiveObjects: 0.350400 ms CreateObjectMapping: 0.092400 ms MarkObjects: 3.537700 ms  DeleteObjects: 0.199900 ms)

AssetImportParameters requested are different than current active one (requested -> active):
  custom:video-decoder-ogg-theora: a1e56fd34408186e4bbccfd4996cb3dc -> 
  custom:container-muxer-webm: aa71ff27fc2769a1b78a27578f13a17b -> 
  custom:container-demuxer-webm: 4f35f7cbe854078d1ac9338744f61a02 -> 
  custom:video-encoder-webm-vp8: eb34c28f22e8b96e1ab97ce403110664 -> 
  custom:audio-encoder-webm-vorbis: bf7c407c2cedff20999df2af8eb42d56 -> 
  custom:framework-win-MediaFoundation: 216162199b28c13a410421893ffa2e32 -> 
  custom:container-demuxer-ogg: 62fdf1f143b41e24485cea50d1cbac27 -> 
  custom:video-decoder-webm-vp8: 9c59270c3fd7afecdb556c50c9e8de78 -> 
  custom:audio-decoder-ogg-vorbis: bf7c407c2cedff20999df2af8eb42d56 -> 
========================================================================
Received Prepare
Registering precompiled user dll's ...
Registered in 0.008601 seconds.
Begin MonoManager ReloadAssembly
Symbol file LoadedFromMemory doesn't match image C:\Users\dgame\Documents\Godot\technicality\unityproj\Library\PackageCache\com.unity.visualscripting@1.7.8\Editor\VisualScripting.Core\Dependencies\YamlDotNet\Unity.VisualScripting.YamlDotNet.dll
Symbol file LoadedFromMemory doesn't match image C:\Users\dgame\Documents\Godot\technicality\unityproj\Library\PackageCache\com.unity.visualscripting@1.7.8\Editor\VisualScripting.Core\Dependencies\DotNetZip\Unity.VisualScripting.IonicZip.dll
Native extension for WindowsStandalone target not found
Native extension for WebGL target not found
Refreshing native plugins compatible for Editor in 105.15 ms, found 2 plugins.
Preloading 0 native plugins for Editor in 0.00 ms.
Mono: successfully reloaded assembly
- Completed reload, in  1.296 seconds
Domain Reload Profiling:
	ReloadAssembly (1297ms)
		BeginReloadAssembly (173ms)
			ExecutionOrderSort (0ms)
			DisableScriptedObjects (10ms)
			BackupInstance (0ms)
			ReleaseScriptingObjects (0ms)
			CreateAndSetChildDomain (34ms)
		EndReloadAssembly (984ms)
			LoadAssemblies (123ms)
			RebuildTransferFunctionScriptingTraits (0ms)
			SetupTypeCache (253ms)
			ReleaseScriptCaches (1ms)
			RebuildScriptCaches (48ms)
			SetupLoadedEditorAssemblies (503ms)
				LogAssemblyErrors (0ms)
				InitializePlatformSupportModulesInManaged (18ms)
				SetLoadedEditorAssemblies (0ms)
				RefreshPlugins (105ms)
				BeforeProcessingInitializeOnLoad (94ms)
				ProcessInitializeOnLoadAttributes (236ms)
				ProcessInitializeOnLoadMethodAttributes (34ms)
				AfterProcessingInitializeOnLoad (15ms)
				EditorAssembliesLoaded (0ms)
			ExecutionOrderSort2 (0ms)
			AwakeInstancesAfterBackupRestoration (11ms)
Platform modules already initialized, skipping
Refreshing native plugins compatible for Editor in 2.50 ms, found 2 plugins.
Preloading 0 native plugins for Editor in 0.00 ms.
Unloading 3774 Unused Serialized files (Serialized files now loaded: 0)
Unloading 22 unused Assets / (195.6 KB). Loaded Objects now: 4275.
Memory consumption went from 151.7 MB to 151.5 MB.
Total: 4.645900 ms (FindLiveObjects: 0.447500 ms CreateObjectMapping: 0.124900 ms MarkObjects: 3.870300 ms  DeleteObjects: 0.201500 ms)

AssetImportParameters requested are different than current active one (requested -> active):
  custom:video-decoder-ogg-theora: a1e56fd34408186e4bbccfd4996cb3dc -> 
  custom:container-muxer-webm: aa71ff27fc2769a1b78a27578f13a17b -> 
  custom:container-demuxer-webm: 4f35f7cbe854078d1ac9338744f61a02 -> 
  custom:video-encoder-webm-vp8: eb34c28f22e8b96e1ab97ce403110664 -> 
  custom:audio-encoder-webm-vorbis: bf7c407c2cedff20999df2af8eb42d56 -> 
  custom:framework-win-MediaFoundation: 216162199b28c13a410421893ffa2e32 -> 
  custom:container-demuxer-ogg: 62fdf1f143b41e24485cea50d1cbac27 -> 
  custom:video-decoder-webm-vp8: 9c59270c3fd7afecdb556c50c9e8de78 -> 
  custom:audio-decoder-ogg-vorbis: bf7c407c2cedff20999df2af8eb42d56 -> 
========================================================================
Received Import Request.
  Time since last request: 979.893765 seconds.
  path: Assets/InputSystem.inputsettings.asset
  artifactKey: Guid(b6298c3017e8b7748bfe77cc5d93154f) Importer(815301076,1909f56bfc062723c751e8b465ee728b)
Start importing Assets/InputSystem.inputsettings.asset using Guid(b6298c3017e8b7748bfe77cc5d93154f) Importer(815301076,1909f56bfc062723c751e8b465ee728b)  -> (artifact id: '8db509a3a119c85339565b8045ce1607') in 0.027354 seconds 
========================================================================
Received Import Request.
  Time since last request: 38.607359 seconds.
  path: Assets/icon.png
  artifactKey: Guid(ecdd6d2e925b6db4f83aaa02cff95495) Importer(2089858483,0ecaa5967403d082aa24f35e1b516d23)
Start importing Assets/icon.png using Guid(ecdd6d2e925b6db4f83aaa02cff95495) Importer(2089858483,0ecaa5967403d082aa24f35e1b516d23) Generated GUIDs only implemented for interfaces!
 -> (artifact id: 'b3f255deec2693c4902c6486e881a00b') in 0.192038 seconds 
========================================================================
Received Import Request.
  Time since last request: 0.000036 seconds.
  path: Assets/Scenes/BattleScene.unity
  artifactKey: Guid(3df7a033cc8259f4489114cd07237d53) Importer(2089858483,0ecaa5967403d082aa24f35e1b516d23)
Start importing Assets/Scenes/BattleScene.unity using Guid(3df7a033cc8259f4489114cd07237d53) Importer(2089858483,0ecaa5967403d082aa24f35e1b516d23) Generated GUIDs only implemented for interfaces!
 -> (artifact id: '9df7a008b2abb80787328000f64d048c') in 0.014175 seconds 
========================================================================
Received Import Request.
  Time since last request: 0.000052 seconds.
  path: Assets/Scenes/MainMenu.unity
  artifactKey: Guid(f68030b9124a9784d81bcfde50041325) Importer(2089858483,0ecaa5967403d082aa24f35e1b516d23)
Start importing Assets/Scenes/MainMenu.unity using Guid(f68030b9124a9784d81bcfde50041325) Importer(2089858483,0ecaa5967403d082aa24f35e1b516d23) Generated GUIDs only implemented for interfaces!
 -> (artifact id: 'efc1631973a404dbc097acc5308a665e') in 0.014476 seconds 
========================================================================
Received Import Request.
  Time since last request: 0.000036 seconds.
  path: Assets/Sprites/car-truck3.png
  artifactKey: Guid(747723c24c297ba4590147537e6b8921) Importer(2089858483,0ecaa5967403d082aa24f35e1b516d23)
Start importing Assets/Sprites/car-truck3.png using Guid(747723c24c297ba4590147537e6b8921) Importer(2089858483,0ecaa5967403d082aa24f35e1b516d23) Generated GUIDs only implemented for interfaces!
 -> (artifact id: '12263afe7862274936d709e28e9033b1') in 0.031686 seconds 
========================================================================
Received Import Request.
  Time since last request: 0.000027 seconds.
  path: Assets/Scripts/Managers/TournamentManager.cs
  artifactKey: Guid(68625428e3c60d749bc6378652edd8ec) Importer(2089858483,0ecaa5967403d082aa24f35e1b516d23)
Start importing Assets/Scripts/Managers/TournamentManager.cs using Guid(68625428e3c60d749bc6378652edd8ec) Importer(2089858483,0ecaa5967403d082aa24f35e1b516d23) Generated GUIDs only implemented for interfaces!
 -> (artifact id: '03f14df36a258d8d31567ca30ac753ee') in 0.015998 seconds 
========================================================================
Received Import Request.
  Time since last request: 0.000029 seconds.
  path: Assets/Scripts/Managers/Garage.cs
  artifactKey: Guid(e3f9b87208f932846be50b00b9f9559a) Importer(2089858483,0ecaa5967403d082aa24f35e1b516d23)
Start importing Assets/Scripts/Managers/Garage.cs using Guid(e3f9b87208f932846be50b00b9f9559a) Importer(2089858483,0ecaa5967403d082aa24f35e1b516d23) Generated GUIDs only implemented for interfaces!
 -> (artifact id: '743078cd5a41d134aa74a5d1995d0961') in 0.013530 seconds 
========================================================================
Received Import Request.
  Time since last request: 0.000031 seconds.
  path: Assets/Sprites/LoadingDoor.png
  artifactKey: Guid(0f14b09165c478f4b8357fee945bc267) Importer(2089858483,0ecaa5967403d082aa24f35e1b516d23)
Start importing Assets/Sprites/LoadingDoor.png using Guid(0f14b09165c478f4b8357fee945bc267) Importer(2089858483,0ecaa5967403d082aa24f35e1b516d23) Generated GUIDs only implemented for interfaces!
 -> (artifact id: 'a3b81dda9753b0eb918fedc1787dc83e') in 0.033663 seconds 
========================================================================
Received Import Request.
  Time since last request: 0.000026 seconds.
  path: Assets/Scripts/Managers/Headquarters.cs
  artifactKey: Guid(da7f44c9764b9774da4d9d54773b4a11) Importer(2089858483,0ecaa5967403d082aa24f35e1b516d23)
Start importing Assets/Scripts/Managers/Headquarters.cs using Guid(da7f44c9764b9774da4d9d54773b4a11) Importer(2089858483,0ecaa5967403d082aa24f35e1b516d23) Generated GUIDs only implemented for interfaces!
 -> (artifact id: '92c7d6299295a0878b9f5fccf79263ad') in 0.012655 seconds 
========================================================================
Received Import Request.
  Time since last request: 0.000029 seconds.
  path: Assets/Scripts/Content/TournamentSeries.cs
  artifactKey: Guid(48ac8124d3dcc67499438b64b02c2ae4) Importer(2089858483,0ecaa5967403d082aa24f35e1b516d23)
Start importing Assets/Scripts/Content/TournamentSeries.cs using Guid(48ac8124d3dcc67499438b64b02c2ae4) Importer(2089858483,0ecaa5967403d082aa24f35e1b516d23) Generated GUIDs only implemented for interfaces!
 -> (artifact id: '052497ef3aa63875f3960b467c883484') in 0.014533 seconds 
========================================================================
Received Import Request.
  Time since last request: 0.000028 seconds.
  path: Assets/Scenes/LoadingDoorsOpen.anim
  artifactKey: Guid(cf91738c377ce85469cdb81feea652a2) Importer(2089858483,0ecaa5967403d082aa24f35e1b516d23)
Start importing Assets/Scenes/LoadingDoorsOpen.anim using Guid(cf91738c377ce85469cdb81feea652a2) Importer(2089858483,0ecaa5967403d082aa24f35e1b516d23) Generated GUIDs only implemented for interfaces!
 -> (artifact id: 'd18d7655048167654765b516869e357d') in 0.019376 seconds 
========================================================================
Received Import Request.
  Time since last request: 0.000036 seconds.
  path: Assets/Sprites/car-truck1.png
  artifactKey: Guid(8788a8480f1be954989ce9175ca0a67e) Importer(2089858483,0ecaa5967403d082aa24f35e1b516d23)
Start importing Assets/Sprites/car-truck1.png using Guid(8788a8480f1be954989ce9175ca0a67e) Importer(2089858483,0ecaa5967403d082aa24f35e1b516d23) Generated GUIDs only implemented for interfaces!
 -> (artifact id: '7b58c46bde1370a223fb59553e3a71ca') in 0.027589 seconds 
========================================================================
Received Import Request.
  Time since last request: 0.000049 seconds.
  path: Assets/Scripts/Team.cs
  artifactKey: Guid(2c0c550613c654442b1920a79c33ac30) Importer(2089858483,0ecaa5967403d082aa24f35e1b516d23)
Start importing Assets/Scripts/Team.cs using Guid(2c0c550613c654442b1920a79c33ac30) Importer(2089858483,0ecaa5967403d082aa24f35e1b516d23) Generated GUIDs only implemented for interfaces!
 -> (artifact id: 'd6ecaf7d52dd6f1ee2abf7188053a059') in 0.014847 seconds 
========================================================================
Received Import Request.
  Time since last request: 0.000045 seconds.
  path: Assets/Scenes/LoadingDoors.unity
  artifactKey: Guid(467a383974b471a46b3fce422d5e3cfc) Importer(2089858483,0ecaa5967403d082aa24f35e1b516d23)
Start importing Assets/Scenes/LoadingDoors.unity using Guid(467a383974b471a46b3fce422d5e3cfc) Importer(2089858483,0ecaa5967403d082aa24f35e1b516d23) Generated GUIDs only implemented for interfaces!
 -> (artifact id: '8e08a36f59c9498e008ce43812ecf3ee') in 0.013676 seconds 
========================================================================
Received Import Request.
  Time since last request: 0.000030 seconds.
  path: Assets/Scripts/NPCTeam.cs
  artifactKey: Guid(ed6d84a394c8a5b4bb622281df184896) Importer(2089858483,0ecaa5967403d082aa24f35e1b516d23)
Start importing Assets/Scripts/NPCTeam.cs using Guid(ed6d84a394c8a5b4bb622281df184896) Importer(2089858483,0ecaa5967403d082aa24f35e1b516d23) Generated GUIDs only implemented for interfaces!
 -> (artifact id: '2194645acaf464bb3fe9f5b2c9fe54f8') in 0.013452 seconds 
========================================================================
Received Import Request.
  Time since last request: 0.000036 seconds.
  path: Assets/Scripts/Campaign.cs
  artifactKey: Guid(0b53b4bbf4d3aa049b250e358bf6e8e1) Importer(2089858483,0ecaa5967403d082aa24f35e1b516d23)
Start importing Assets/Scripts/Campaign.cs using Guid(0b53b4bbf4d3aa049b250e358bf6e8e1) Importer(2089858483,0ecaa5967403d082aa24f35e1b516d23) Generated GUIDs only implemented for interfaces!
 -> (artifact id: 'be74ae78129e2299d8d965b5bae8e679') in 0.015670 seconds 
========================================================================
Received Import Request.
  Time since last request: 0.000036 seconds.
  path: Assets/Sprites/car-truck2.png
  artifactKey: Guid(36ef0ebd27e64974f90835bf146111ed) Importer(2089858483,0ecaa5967403d082aa24f35e1b516d23)
Start importing Assets/Sprites/car-truck2.png using Guid(36ef0ebd27e64974f90835bf146111ed) Importer(2089858483,0ecaa5967403d082aa24f35e1b516d23) Generated GUIDs only implemented for interfaces!
 -> (artifact id: 'eff56b68f6e0a6ea15f304fb484c524d') in 0.031553 seconds 
========================================================================
Received Import Request.
  Time since last request: 0.000033 seconds.
  path: Assets/Sprites/SpriteImport.preset
  artifactKey: Guid(2c344aeda8dd27c4f83625d932cee3d2) Importer(2089858483,0ecaa5967403d082aa24f35e1b516d23)
Start importing Assets/Sprites/SpriteImport.preset using Guid(2c344aeda8dd27c4f83625d932cee3d2) Importer(2089858483,0ecaa5967403d082aa24f35e1b516d23) Generated GUIDs only implemented for interfaces!
 -> (artifact id: 'ee2aa2b6a1024fc7484794ecb64435d1') in 0.019332 seconds 
========================================================================
Received Import Request.
  Time since last request: 0.000042 seconds.
  path: Assets/Sprites/LoadingDoor.pdn
  artifactKey: Guid(1ad4556c0670e3244be166614a403e25) Importer(2089858483,0ecaa5967403d082aa24f35e1b516d23)
Start importing Assets/Sprites/LoadingDoor.pdn using Guid(1ad4556c0670e3244be166614a403e25) Importer(2089858483,0ecaa5967403d082aa24f35e1b516d23) Generated GUIDs only implemented for interfaces!
 -> (artifact id: '2ad9b23ed2a8e81f4db05d10a7c2d64c') in 0.011787 seconds 
========================================================================
Received Import Request.
  Time since last request: 0.000039 seconds.
  path: Assets/Scenes/Garage.unity
  artifactKey: Guid(a1d7f2a7d6429584a8b2d536b43289f9) Importer(2089858483,0ecaa5967403d082aa24f35e1b516d23)
Start importing Assets/Scenes/Garage.unity using Guid(a1d7f2a7d6429584a8b2d536b43289f9) Importer(2089858483,0ecaa5967403d082aa24f35e1b516d23) Generated GUIDs only implemented for interfaces!
 -> (artifact id: '2187a345c954c6c658fbbaac98d4a40f') in 0.015161 seconds 
========================================================================
Received Import Request.
  Time since last request: 0.000027 seconds.
  path: Assets/Scripts/Content/ArmorItem.cs
  artifactKey: Guid(c31173f0bfd57d840b3105961606b79f) Importer(2089858483,0ecaa5967403d082aa24f35e1b516d23)
Start importing Assets/Scripts/Content/ArmorItem.cs using Guid(c31173f0bfd57d840b3105961606b79f) Importer(2089858483,0ecaa5967403d082aa24f35e1b516d23) Generated GUIDs only implemented for interfaces!
 -> (artifact id: '0d8eaa07be47f2ff63045c50641f9995') in 0.014198 seconds 
========================================================================
Received Prepare
Refreshing native plugins compatible for Editor in 6.14 ms, found 2 plugins.
Preloading 0 native plugins for Editor in 0.00 ms.
Unloading 22 Unused Serialized files (Serialized files now loaded: 0)
Unloading 22 unused Assets / (192.7 KB). Loaded Objects now: 4275.
Memory consumption went from 76.8 MB to 76.6 MB.
Total: 5.196100 ms (FindLiveObjects: 0.435000 ms CreateObjectMapping: 0.141800 ms MarkObjects: 4.413800 ms  DeleteObjects: 0.204300 ms)

AssetImportParameters requested are different than current active one (requested -> active):
  custom:video-decoder-ogg-theora: a1e56fd34408186e4bbccfd4996cb3dc -> 
  custom:container-muxer-webm: aa71ff27fc2769a1b78a27578f13a17b -> 
  custom:container-demuxer-webm: 4f35f7cbe854078d1ac9338744f61a02 -> 
  custom:video-encoder-webm-vp8: eb34c28f22e8b96e1ab97ce403110664 -> 
  custom:audio-encoder-webm-vorbis: bf7c407c2cedff20999df2af8eb42d56 -> 
  custom:framework-win-MediaFoundation: 216162199b28c13a410421893ffa2e32 -> 
  custom:SearchIndexIgnoredProperties: e643bd26f0fe6173181afceb89e7c659 -> 
  custom:container-demuxer-ogg: 62fdf1f143b41e24485cea50d1cbac27 -> 
  custom:video-decoder-webm-vp8: 9c59270c3fd7afecdb556c50c9e8de78 -> 
  custom:audio-decoder-ogg-vorbis: bf7c407c2cedff20999df2af8eb42d56 -> 
